The system is: Darwin - 18.2.0 - x86_64
Compiling the C compiler identification source file "CMakeCCompilerId.c" succeeded.
Compiler: /usr/local/bin/gcc-8 
Build flags: 
Id flags:  

The output was:
0


Compilation of the C compiler identification source "CMakeCCompilerId.c" produced "a.out"

The C compiler identification is GNU, found in "/Users/richardmac/OneDrive - bwedu/00_ONEDRIVE UNI/M und S Nestler/modsim_ub4/build/CMakeFiles/3.13.3/CompilerIdC/a.out"

Compiling the CXX compiler identification source file "CMakeCXXCompilerId.cpp" succeeded.
Compiler: /usr/local/bin/g++-8 
Build flags: 
Id flags:  

The output was:
0


Compilation of the CXX compiler identification source "CMakeCXXCompilerId.cpp" produced "a.out"

The CXX compiler identification is GNU, found in "/Users/richardmac/OneDrive - bwedu/00_ONEDRIVE UNI/M und S Nestler/modsim_ub4/build/CMakeFiles/3.13.3/CompilerIdCXX/a.out"

Determining if the C compiler works passed with the following output:
Change Dir: /Users/richardmac/OneDrive - bwedu/00_ONEDRIVE UNI/M und S Nestler/modsim_ub4/build/CMakeFiles/CMakeTmp

Run Build Command:"/usr/local/bin/ninja" "cmTC_f9ecf"
[1/2] Building C object CMakeFiles/cmTC_f9ecf.dir/testCCompiler.c.o
[2/2] Linking C executable cmTC_f9ecf


Detecting C compiler ABI info compiled with the following output:
Change Dir: /Users/richardmac/OneDrive - bwedu/00_ONEDRIVE UNI/M und S Nestler/modsim_ub4/build/CMakeFiles/CMakeTmp

Run Build Command:"/usr/local/bin/ninja" "cmTC_6aa22"
[1/2] Building C object CMakeFiles/cmTC_6aa22.dir/CMakeCCompilerABI.c.o
[2/2] Linking C executable cmTC_6aa22
Using built-in specs.
COLLECT_GCC=/usr/local/bin/gcc-8
COLLECT_LTO_WRAPPER=/usr/local/Cellar/gcc/8.1.0/libexec/gcc/x86_64-apple-darwin17.5.0/8.1.0/lto-wrapper
Target: x86_64-apple-darwin17.5.0
Configured with: ../configure --build=x86_64-apple-darwin17.5.0 --prefix=/usr/local/Cellar/gcc/8.1.0 --libdir=/usr/local/Cellar/gcc/8.1.0/lib/gcc/8 --enable-languages=c,c++,objc,obj-c++,fortran --program-suffix=-8 --with-gmp=/usr/local/opt/gmp --with-mpfr=/usr/local/opt/mpfr --with-mpc=/usr/local/opt/libmpc --with-isl=/usr/local/opt/isl --with-system-zlib --enable-checking=release --with-pkgversion='Homebrew GCC 8.1.0' --with-bugurl=https://github.com/Homebrew/homebrew-core/issues --disable-nls
Thread model: posix
gcc version 8.1.0 (Homebrew GCC 8.1.0) 
COMPILER_PATH=/usr/local/Cellar/gcc/8.1.0/libexec/gcc/x86_64-apple-darwin17.5.0/8.1.0/:/usr/local/Cellar/gcc/8.1.0/libexec/gcc/x86_64-apple-darwin17.5.0/8.1.0/:/usr/local/Cellar/gcc/8.1.0/libexec/gcc/x86_64-apple-darwin17.5.0/:/usr/local/Cellar/gcc/8.1.0/lib/gcc/8/gcc/x86_64-apple-darwin17.5.0/8.1.0/:/usr/local/Cellar/gcc/8.1.0/lib/gcc/8/gcc/x86_64-apple-darwin17.5.0/
LIBRARY_PATH=/usr/local/Cellar/gcc/8.1.0/lib/gcc/8/gcc/x86_64-apple-darwin17.5.0/8.1.0/:/usr/local/Cellar/gcc/8.1.0/lib/gcc/8/gcc/x86_64-apple-darwin17.5.0/8.1.0/../../../
COLLECT_GCC_OPTIONS='-isysroot' '/Applications/Xcode.app/Contents/Developer/Platforms/MacOSX.platform/Developer/SDKs/MacOSX10.14.sdk' '-v' '-o' 'cmTC_6aa22' '-mmacosx-version-min=10.14.0' '-asm_macosx_version_min=10.14' '-mtune=core2'
 /usr/local/Cellar/gcc/8.1.0/libexec/gcc/x86_64-apple-darwin17.5.0/8.1.0/collect2 -dynamic -arch x86_64 -macosx_version_min 10.14.0 -syslibroot /Applications/Xcode.app/Contents/Developer/Platforms/MacOSX.platform/Developer/SDKs/MacOSX10.14.sdk -weak_reference_mismatches non-weak -o cmTC_6aa22 -L/usr/local/Cellar/gcc/8.1.0/lib/gcc/8/gcc/x86_64-apple-darwin17.5.0/8.1.0 -L/usr/local/Cellar/gcc/8.1.0/lib/gcc/8/gcc/x86_64-apple-darwin17.5.0/8.1.0/../../.. -search_paths_first -headerpad_max_install_names -v CMakeFiles/cmTC_6aa22.dir/CMakeCCompilerABI.c.o -no_compact_unwind -lSystem -lgcc_ext.10.5 -lgcc -lSystem -v
collect2 version 8.1.0
/usr/bin/ld -dynamic -arch x86_64 -macosx_version_min 10.14.0 -syslibroot /Applications/Xcode.app/Contents/Developer/Platforms/MacOSX.platform/Developer/SDKs/MacOSX10.14.sdk -weak_reference_mismatches non-weak -o cmTC_6aa22 -L/usr/local/Cellar/gcc/8.1.0/lib/gcc/8/gcc/x86_64-apple-darwin17.5.0/8.1.0 -L/usr/local/Cellar/gcc/8.1.0/lib/gcc/8/gcc/x86_64-apple-darwin17.5.0/8.1.0/../../.. -search_paths_first -headerpad_max_install_names -v CMakeFiles/cmTC_6aa22.dir/CMakeCCompilerABI.c.o -no_compact_unwind -lSystem -lgcc_ext.10.5 -lgcc -lSystem -v
@(#)PROGRAM:ld  PROJECT:ld64-409.12
BUILD 17:47:51 Sep 25 2018
configured to support archs: armv6 armv7 armv7s arm64 i386 x86_64 x86_64h armv6m armv7k armv7m armv7em arm64e arm64_32
@(#)PROGRAM:ld  PROJECT:ld64-409.12
BUILD 17:47:51 Sep 25 2018
configured to support archs: armv6 armv7 armv7s arm64 i386 x86_64 x86_64h armv6m armv7k armv7m armv7em arm64e arm64_32
Library search paths:
	/usr/local/Cellar/gcc/8.1.0/lib/gcc/8/gcc/x86_64-apple-darwin17.5.0/8.1.0
	/usr/local/Cellar/gcc/8.1.0/lib/gcc/8
	/Applications/Xcode.app/Contents/Developer/Platforms/MacOSX.platform/Developer/SDKs/MacOSX10.14.sdk/usr/lib
Framework search paths:
	/Applications/Xcode.app/Contents/Developer/Platforms/MacOSX.platform/Developer/SDKs/MacOSX10.14.sdk/System/Library/Frameworks/
 /usr/bin/nm -n CMakeFiles/cmTC_6aa22.dir/CMakeCCompilerABI.c.o


Parsed C implicit link information from above output:
  link line regex: [^( *|.*[/\])(ld|CMAKE_LINK_STARTFILE-NOTFOUND|([^/\]+-)?ld|collect2)[^/\]*( |$)]
  ignore line: [Change Dir: /Users/richardmac/OneDrive - bwedu/00_ONEDRIVE UNI/M und S Nestler/modsim_ub4/build/CMakeFiles/CMakeTmp]
  ignore line: []
  ignore line: [Run Build Command:"/usr/local/bin/ninja" "cmTC_6aa22"]
  ignore line: [[1/2] Building C object CMakeFiles/cmTC_6aa22.dir/CMakeCCompilerABI.c.o]
  ignore line: [[2/2] Linking C executable cmTC_6aa22]
  ignore line: [Using built-in specs.]
  ignore line: [COLLECT_GCC=/usr/local/bin/gcc-8]
  ignore line: [COLLECT_LTO_WRAPPER=/usr/local/Cellar/gcc/8.1.0/libexec/gcc/x86_64-apple-darwin17.5.0/8.1.0/lto-wrapper]
  ignore line: [Target: x86_64-apple-darwin17.5.0]
  ignore line: [Configured with: ../configure --build=x86_64-apple-darwin17.5.0 --prefix=/usr/local/Cellar/gcc/8.1.0 --libdir=/usr/local/Cellar/gcc/8.1.0/lib/gcc/8 --enable-languages=c,c++,objc,obj-c++,fortran --program-suffix=-8 --with-gmp=/usr/local/opt/gmp --with-mpfr=/usr/local/opt/mpfr --with-mpc=/usr/local/opt/libmpc --with-isl=/usr/local/opt/isl --with-system-zlib --enable-checking=release --with-pkgversion='Homebrew GCC 8.1.0' --with-bugurl=https://github.com/Homebrew/homebrew-core/issues --disable-nls]
  ignore line: [Thread model: posix]
  ignore line: [gcc version 8.1.0 (Homebrew GCC 8.1.0) ]
  ignore line: [COMPILER_PATH=/usr/local/Cellar/gcc/8.1.0/libexec/gcc/x86_64-apple-darwin17.5.0/8.1.0/:/usr/local/Cellar/gcc/8.1.0/libexec/gcc/x86_64-apple-darwin17.5.0/8.1.0/:/usr/local/Cellar/gcc/8.1.0/libexec/gcc/x86_64-apple-darwin17.5.0/:/usr/local/Cellar/gcc/8.1.0/lib/gcc/8/gcc/x86_64-apple-darwin17.5.0/8.1.0/:/usr/local/Cellar/gcc/8.1.0/lib/gcc/8/gcc/x86_64-apple-darwin17.5.0/]
  ignore line: [LIBRARY_PATH=/usr/local/Cellar/gcc/8.1.0/lib/gcc/8/gcc/x86_64-apple-darwin17.5.0/8.1.0/:/usr/local/Cellar/gcc/8.1.0/lib/gcc/8/gcc/x86_64-apple-darwin17.5.0/8.1.0/../../../]
  ignore line: [COLLECT_GCC_OPTIONS='-isysroot' '/Applications/Xcode.app/Contents/Developer/Platforms/MacOSX.platform/Developer/SDKs/MacOSX10.14.sdk' '-v' '-o' 'cmTC_6aa22' '-mmacosx-version-min=10.14.0' '-asm_macosx_version_min=10.14' '-mtune=core2']
  link line: [ /usr/local/Cellar/gcc/8.1.0/libexec/gcc/x86_64-apple-darwin17.5.0/8.1.0/collect2 -dynamic -arch x86_64 -macosx_version_min 10.14.0 -syslibroot /Applications/Xcode.app/Contents/Developer/Platforms/MacOSX.platform/Developer/SDKs/MacOSX10.14.sdk -weak_reference_mismatches non-weak -o cmTC_6aa22 -L/usr/local/Cellar/gcc/8.1.0/lib/gcc/8/gcc/x86_64-apple-darwin17.5.0/8.1.0 -L/usr/local/Cellar/gcc/8.1.0/lib/gcc/8/gcc/x86_64-apple-darwin17.5.0/8.1.0/../../.. -search_paths_first -headerpad_max_install_names -v CMakeFiles/cmTC_6aa22.dir/CMakeCCompilerABI.c.o -no_compact_unwind -lSystem -lgcc_ext.10.5 -lgcc -lSystem -v]
    arg [/usr/local/Cellar/gcc/8.1.0/libexec/gcc/x86_64-apple-darwin17.5.0/8.1.0/collect2] ==> ignore
    arg [-dynamic] ==> ignore
    arg [-arch] ==> ignore
    arg [x86_64] ==> ignore
    arg [-macosx_version_min] ==> ignore
    arg [10.14.0] ==> ignore
    arg [-syslibroot] ==> ignore
    arg [/Applications/Xcode.app/Contents/Developer/Platforms/MacOSX.platform/Developer/SDKs/MacOSX10.14.sdk] ==> ignore
    arg [-weak_reference_mismatches] ==> ignore
    arg [non-weak] ==> ignore
    arg [-o] ==> ignore
    arg [cmTC_6aa22] ==> ignore
    arg [-L/usr/local/Cellar/gcc/8.1.0/lib/gcc/8/gcc/x86_64-apple-darwin17.5.0/8.1.0] ==> dir [/usr/local/Cellar/gcc/8.1.0/lib/gcc/8/gcc/x86_64-apple-darwin17.5.0/8.1.0]
    arg [-L/usr/local/Cellar/gcc/8.1.0/lib/gcc/8/gcc/x86_64-apple-darwin17.5.0/8.1.0/../../..] ==> dir [/usr/local/Cellar/gcc/8.1.0/lib/gcc/8/gcc/x86_64-apple-darwin17.5.0/8.1.0/../../..]
    arg [-search_paths_first] ==> ignore
    arg [-headerpad_max_install_names] ==> ignore
    arg [-v] ==> ignore
    arg [CMakeFiles/cmTC_6aa22.dir/CMakeCCompilerABI.c.o] ==> ignore
    arg [-no_compact_unwind] ==> ignore
    arg [-lSystem] ==> lib [System]
    arg [-lgcc_ext.10.5] ==> lib [gcc_ext.10.5]
    arg [-lgcc] ==> lib [gcc]
    arg [-lSystem] ==> lib [System]
    arg [-v] ==> ignore
  Library search paths: [;/usr/local/Cellar/gcc/8.1.0/lib/gcc/8/gcc/x86_64-apple-darwin17.5.0/8.1.0;/usr/local/Cellar/gcc/8.1.0/lib/gcc/8;/Applications/Xcode.app/Contents/Developer/Platforms/MacOSX.platform/Developer/SDKs/MacOSX10.14.sdk/usr/lib]
  Framework search paths: [;/Applications/Xcode.app/Contents/Developer/Platforms/MacOSX.platform/Developer/SDKs/MacOSX10.14.sdk/System/Library/Frameworks/]
  remove lib [System]
  remove lib [System]
  collapse library dir [/usr/local/Cellar/gcc/8.1.0/lib/gcc/8/gcc/x86_64-apple-darwin17.5.0/8.1.0] ==> [/usr/local/Cellar/gcc/8.1.0/lib/gcc/8/gcc/x86_64-apple-darwin17.5.0/8.1.0]
  collapse library dir [/usr/local/Cellar/gcc/8.1.0/lib/gcc/8/gcc/x86_64-apple-darwin17.5.0/8.1.0/../../..] ==> [/usr/local/Cellar/gcc/8.1.0/lib/gcc/8]
  collapse library dir [/usr/local/Cellar/gcc/8.1.0/lib/gcc/8/gcc/x86_64-apple-darwin17.5.0/8.1.0] ==> [/usr/local/Cellar/gcc/8.1.0/lib/gcc/8/gcc/x86_64-apple-darwin17.5.0/8.1.0]
  collapse library dir [/usr/local/Cellar/gcc/8.1.0/lib/gcc/8] ==> [/usr/local/Cellar/gcc/8.1.0/lib/gcc/8]
  collapse library dir [/Applications/Xcode.app/Contents/Developer/Platforms/MacOSX.platform/Developer/SDKs/MacOSX10.14.sdk/usr/lib] ==> [/Applications/Xcode.app/Contents/Developer/Platforms/MacOSX.platform/Developer/SDKs/MacOSX10.14.sdk/usr/lib]
  collapse framework dir [/Applications/Xcode.app/Contents/Developer/Platforms/MacOSX.platform/Developer/SDKs/MacOSX10.14.sdk/System/Library/Frameworks/] ==> [/Applications/Xcode.app/Contents/Developer/Platforms/MacOSX.platform/Developer/SDKs/MacOSX10.14.sdk/System/Library/Frameworks]
  implicit libs: [gcc_ext.10.5;gcc]
  implicit dirs: [/usr/local/Cellar/gcc/8.1.0/lib/gcc/8/gcc/x86_64-apple-darwin17.5.0/8.1.0;/usr/local/Cellar/gcc/8.1.0/lib/gcc/8;/Applications/Xcode.app/Contents/Developer/Platforms/MacOSX.platform/Developer/SDKs/MacOSX10.14.sdk/usr/lib]
  implicit fwks: [/Applications/Xcode.app/Contents/Developer/Platforms/MacOSX.platform/Developer/SDKs/MacOSX10.14.sdk/System/Library/Frameworks]




Detecting C [-std=c11] compiler features compiled with the following output:
Change Dir: /Users/richardmac/OneDrive - bwedu/00_ONEDRIVE UNI/M und S Nestler/modsim_ub4/build/CMakeFiles/CMakeTmp

Run Build Command:"/usr/local/bin/ninja" "cmTC_f6347"
[1/2] Building C object CMakeFiles/cmTC_f6347.dir/feature_tests.c.o
[2/2] Linking C executable cmTC_f6347


    Feature record: C_FEATURE:1c_function_prototypes
    Feature record: C_FEATURE:1c_restrict
    Feature record: C_FEATURE:1c_static_assert
    Feature record: C_FEATURE:1c_variadic_macros


Detecting C [-std=c99] compiler features compiled with the following output:
Change Dir: /Users/richardmac/OneDrive - bwedu/00_ONEDRIVE UNI/M und S Nestler/modsim_ub4/build/CMakeFiles/CMakeTmp

Run Build Command:"/usr/local/bin/ninja" "cmTC_37d4c"
[1/2] Building C object CMakeFiles/cmTC_37d4c.dir/feature_tests.c.o
[2/2] Linking C executable cmTC_37d4c


    Feature record: C_FEATURE:1c_function_prototypes
    Feature record: C_FEATURE:1c_restrict
    Feature record: C_FEATURE:0c_static_assert
    Feature record: C_FEATURE:1c_variadic_macros


Detecting C [-std=c90] compiler features compiled with the following output:
Change Dir: /Users/richardmac/OneDrive - bwedu/00_ONEDRIVE UNI/M und S Nestler/modsim_ub4/build/CMakeFiles/CMakeTmp

Run Build Command:"/usr/local/bin/ninja" "cmTC_989d8"
[1/2] Building C object CMakeFiles/cmTC_989d8.dir/feature_tests.c.o
[2/2] Linking C executable cmTC_989d8


    Feature record: C_FEATURE:1c_function_prototypes
    Feature record: C_FEATURE:0c_restrict
    Feature record: C_FEATURE:0c_static_assert
    Feature record: C_FEATURE:0c_variadic_macros
Determining if the CXX compiler works passed with the following output:
Change Dir: /Users/richardmac/OneDrive - bwedu/00_ONEDRIVE UNI/M und S Nestler/modsim_ub4/build/CMakeFiles/CMakeTmp

Run Build Command:"/usr/local/bin/ninja" "cmTC_f6c27"
[1/2] Building CXX object CMakeFiles/cmTC_f6c27.dir/testCXXCompiler.cxx.o
[2/2] Linking CXX executable cmTC_f6c27


Detecting CXX compiler ABI info compiled with the following output:
Change Dir: /Users/richardmac/OneDrive - bwedu/00_ONEDRIVE UNI/M und S Nestler/modsim_ub4/build/CMakeFiles/CMakeTmp

Run Build Command:"/usr/local/bin/ninja" "cmTC_70fbd"
[1/2] Building CXX object CMakeFiles/cmTC_70fbd.dir/CMakeCXXCompilerABI.cpp.o
[2/2] Linking CXX executable cmTC_70fbd
Using built-in specs.
COLLECT_GCC=/usr/local/bin/g++-8
COLLECT_LTO_WRAPPER=/usr/local/Cellar/gcc/8.1.0/libexec/gcc/x86_64-apple-darwin17.5.0/8.1.0/lto-wrapper
Target: x86_64-apple-darwin17.5.0
Configured with: ../configure --build=x86_64-apple-darwin17.5.0 --prefix=/usr/local/Cellar/gcc/8.1.0 --libdir=/usr/local/Cellar/gcc/8.1.0/lib/gcc/8 --enable-languages=c,c++,objc,obj-c++,fortran --program-suffix=-8 --with-gmp=/usr/local/opt/gmp --with-mpfr=/usr/local/opt/mpfr --with-mpc=/usr/local/opt/libmpc --with-isl=/usr/local/opt/isl --with-system-zlib --enable-checking=release --with-pkgversion='Homebrew GCC 8.1.0' --with-bugurl=https://github.com/Homebrew/homebrew-core/issues --disable-nls
Thread model: posix
gcc version 8.1.0 (Homebrew GCC 8.1.0) 
COMPILER_PATH=/usr/local/Cellar/gcc/8.1.0/libexec/gcc/x86_64-apple-darwin17.5.0/8.1.0/:/usr/local/Cellar/gcc/8.1.0/libexec/gcc/x86_64-apple-darwin17.5.0/8.1.0/:/usr/local/Cellar/gcc/8.1.0/libexec/gcc/x86_64-apple-darwin17.5.0/:/usr/local/Cellar/gcc/8.1.0/lib/gcc/8/gcc/x86_64-apple-darwin17.5.0/8.1.0/:/usr/local/Cellar/gcc/8.1.0/lib/gcc/8/gcc/x86_64-apple-darwin17.5.0/
LIBRARY_PATH=/usr/local/Cellar/gcc/8.1.0/lib/gcc/8/gcc/x86_64-apple-darwin17.5.0/8.1.0/:/usr/local/Cellar/gcc/8.1.0/lib/gcc/8/gcc/x86_64-apple-darwin17.5.0/8.1.0/../../../
COLLECT_GCC_OPTIONS='-isysroot' '/Applications/Xcode.app/Contents/Developer/Platforms/MacOSX.platform/Developer/SDKs/MacOSX10.14.sdk' '-v' '-o' 'cmTC_70fbd' '-mmacosx-version-min=10.14.0' '-asm_macosx_version_min=10.14' '-shared-libgcc' '-mtune=core2'
 /usr/local/Cellar/gcc/8.1.0/libexec/gcc/x86_64-apple-darwin17.5.0/8.1.0/collect2 -dynamic -arch x86_64 -macosx_version_min 10.14.0 -syslibroot /Applications/Xcode.app/Contents/Developer/Platforms/MacOSX.platform/Developer/SDKs/MacOSX10.14.sdk -weak_reference_mismatches non-weak -o cmTC_70fbd -L/usr/local/Cellar/gcc/8.1.0/lib/gcc/8/gcc/x86_64-apple-darwin17.5.0/8.1.0 -L/usr/local/Cellar/gcc/8.1.0/lib/gcc/8/gcc/x86_64-apple-darwin17.5.0/8.1.0/../../.. -search_paths_first -headerpad_max_install_names -v CMakeFiles/cmTC_70fbd.dir/CMakeCXXCompilerABI.cpp.o -lstdc++ -no_compact_unwind -lSystem -lgcc_ext.10.5 -lgcc -lSystem -v
collect2 version 8.1.0
/usr/bin/ld -dynamic -arch x86_64 -macosx_version_min 10.14.0 -syslibroot /Applications/Xcode.app/Contents/Developer/Platforms/MacOSX.platform/Developer/SDKs/MacOSX10.14.sdk -weak_reference_mismatches non-weak -o cmTC_70fbd -L/usr/local/Cellar/gcc/8.1.0/lib/gcc/8/gcc/x86_64-apple-darwin17.5.0/8.1.0 -L/usr/local/Cellar/gcc/8.1.0/lib/gcc/8/gcc/x86_64-apple-darwin17.5.0/8.1.0/../../.. -search_paths_first -headerpad_max_install_names -v CMakeFiles/cmTC_70fbd.dir/CMakeCXXCompilerABI.cpp.o -lstdc++ -no_compact_unwind -lSystem -lgcc_ext.10.5 -lgcc -lSystem -v
@(#)PROGRAM:ld  PROJECT:ld64-409.12
BUILD 17:47:51 Sep 25 2018
configured to support archs: armv6 armv7 armv7s arm64 i386 x86_64 x86_64h armv6m armv7k armv7m armv7em arm64e arm64_32
@(#)PROGRAM:ld  PROJECT:ld64-409.12
BUILD 17:47:51 Sep 25 2018
configured to support archs: armv6 armv7 armv7s arm64 i386 x86_64 x86_64h armv6m armv7k armv7m armv7em arm64e arm64_32
Library search paths:
	/usr/local/Cellar/gcc/8.1.0/lib/gcc/8/gcc/x86_64-apple-darwin17.5.0/8.1.0
	/usr/local/Cellar/gcc/8.1.0/lib/gcc/8
	/Applications/Xcode.app/Contents/Developer/Platforms/MacOSX.platform/Developer/SDKs/MacOSX10.14.sdk/usr/lib
Framework search paths:
	/Applications/Xcode.app/Contents/Developer/Platforms/MacOSX.platform/Developer/SDKs/MacOSX10.14.sdk/System/Library/Frameworks/
 /usr/bin/nm -n CMakeFiles/cmTC_70fbd.dir/CMakeCXXCompilerABI.cpp.o


Parsed CXX implicit link information from above output:
  link line regex: [^( *|.*[/\])(ld|CMAKE_LINK_STARTFILE-NOTFOUND|([^/\]+-)?ld|collect2)[^/\]*( |$)]
  ignore line: [Change Dir: /Users/richardmac/OneDrive - bwedu/00_ONEDRIVE UNI/M und S Nestler/modsim_ub4/build/CMakeFiles/CMakeTmp]
  ignore line: []
  ignore line: [Run Build Command:"/usr/local/bin/ninja" "cmTC_70fbd"]
  ignore line: [[1/2] Building CXX object CMakeFiles/cmTC_70fbd.dir/CMakeCXXCompilerABI.cpp.o]
  ignore line: [[2/2] Linking CXX executable cmTC_70fbd]
  ignore line: [Using built-in specs.]
  ignore line: [COLLECT_GCC=/usr/local/bin/g++-8]
  ignore line: [COLLECT_LTO_WRAPPER=/usr/local/Cellar/gcc/8.1.0/libexec/gcc/x86_64-apple-darwin17.5.0/8.1.0/lto-wrapper]
  ignore line: [Target: x86_64-apple-darwin17.5.0]
  ignore line: [Configured with: ../configure --build=x86_64-apple-darwin17.5.0 --prefix=/usr/local/Cellar/gcc/8.1.0 --libdir=/usr/local/Cellar/gcc/8.1.0/lib/gcc/8 --enable-languages=c,c++,objc,obj-c++,fortran --program-suffix=-8 --with-gmp=/usr/local/opt/gmp --with-mpfr=/usr/local/opt/mpfr --with-mpc=/usr/local/opt/libmpc --with-isl=/usr/local/opt/isl --with-system-zlib --enable-checking=release --with-pkgversion='Homebrew GCC 8.1.0' --with-bugurl=https://github.com/Homebrew/homebrew-core/issues --disable-nls]
  ignore line: [Thread model: posix]
  ignore line: [gcc version 8.1.0 (Homebrew GCC 8.1.0) ]
  ignore line: [COMPILER_PATH=/usr/local/Cellar/gcc/8.1.0/libexec/gcc/x86_64-apple-darwin17.5.0/8.1.0/:/usr/local/Cellar/gcc/8.1.0/libexec/gcc/x86_64-apple-darwin17.5.0/8.1.0/:/usr/local/Cellar/gcc/8.1.0/libexec/gcc/x86_64-apple-darwin17.5.0/:/usr/local/Cellar/gcc/8.1.0/lib/gcc/8/gcc/x86_64-apple-darwin17.5.0/8.1.0/:/usr/local/Cellar/gcc/8.1.0/lib/gcc/8/gcc/x86_64-apple-darwin17.5.0/]
  ignore line: [LIBRARY_PATH=/usr/local/Cellar/gcc/8.1.0/lib/gcc/8/gcc/x86_64-apple-darwin17.5.0/8.1.0/:/usr/local/Cellar/gcc/8.1.0/lib/gcc/8/gcc/x86_64-apple-darwin17.5.0/8.1.0/../../../]
  ignore line: [COLLECT_GCC_OPTIONS='-isysroot' '/Applications/Xcode.app/Contents/Developer/Platforms/MacOSX.platform/Developer/SDKs/MacOSX10.14.sdk' '-v' '-o' 'cmTC_70fbd' '-mmacosx-version-min=10.14.0' '-asm_macosx_version_min=10.14' '-shared-libgcc' '-mtune=core2']
  link line: [ /usr/local/Cellar/gcc/8.1.0/libexec/gcc/x86_64-apple-darwin17.5.0/8.1.0/collect2 -dynamic -arch x86_64 -macosx_version_min 10.14.0 -syslibroot /Applications/Xcode.app/Contents/Developer/Platforms/MacOSX.platform/Developer/SDKs/MacOSX10.14.sdk -weak_reference_mismatches non-weak -o cmTC_70fbd -L/usr/local/Cellar/gcc/8.1.0/lib/gcc/8/gcc/x86_64-apple-darwin17.5.0/8.1.0 -L/usr/local/Cellar/gcc/8.1.0/lib/gcc/8/gcc/x86_64-apple-darwin17.5.0/8.1.0/../../.. -search_paths_first -headerpad_max_install_names -v CMakeFiles/cmTC_70fbd.dir/CMakeCXXCompilerABI.cpp.o -lstdc++ -no_compact_unwind -lSystem -lgcc_ext.10.5 -lgcc -lSystem -v]
    arg [/usr/local/Cellar/gcc/8.1.0/libexec/gcc/x86_64-apple-darwin17.5.0/8.1.0/collect2] ==> ignore
    arg [-dynamic] ==> ignore
    arg [-arch] ==> ignore
    arg [x86_64] ==> ignore
    arg [-macosx_version_min] ==> ignore
    arg [10.14.0] ==> ignore
    arg [-syslibroot] ==> ignore
    arg [/Applications/Xcode.app/Contents/Developer/Platforms/MacOSX.platform/Developer/SDKs/MacOSX10.14.sdk] ==> ignore
    arg [-weak_reference_mismatches] ==> ignore
    arg [non-weak] ==> ignore
    arg [-o] ==> ignore
    arg [cmTC_70fbd] ==> ignore
    arg [-L/usr/local/Cellar/gcc/8.1.0/lib/gcc/8/gcc/x86_64-apple-darwin17.5.0/8.1.0] ==> dir [/usr/local/Cellar/gcc/8.1.0/lib/gcc/8/gcc/x86_64-apple-darwin17.5.0/8.1.0]
    arg [-L/usr/local/Cellar/gcc/8.1.0/lib/gcc/8/gcc/x86_64-apple-darwin17.5.0/8.1.0/../../..] ==> dir [/usr/local/Cellar/gcc/8.1.0/lib/gcc/8/gcc/x86_64-apple-darwin17.5.0/8.1.0/../../..]
    arg [-search_paths_first] ==> ignore
    arg [-headerpad_max_install_names] ==> ignore
    arg [-v] ==> ignore
    arg [CMakeFiles/cmTC_70fbd.dir/CMakeCXXCompilerABI.cpp.o] ==> ignore
    arg [-lstdc++] ==> lib [stdc++]
    arg [-no_compact_unwind] ==> ignore
    arg [-lSystem] ==> lib [System]
    arg [-lgcc_ext.10.5] ==> lib [gcc_ext.10.5]
    arg [-lgcc] ==> lib [gcc]
    arg [-lSystem] ==> lib [System]
    arg [-v] ==> ignore
  Library search paths: [;/usr/local/Cellar/gcc/8.1.0/lib/gcc/8/gcc/x86_64-apple-darwin17.5.0/8.1.0;/usr/local/Cellar/gcc/8.1.0/lib/gcc/8;/Applications/Xcode.app/Contents/Developer/Platforms/MacOSX.platform/Developer/SDKs/MacOSX10.14.sdk/usr/lib]
  Framework search paths: [;/Applications/Xcode.app/Contents/Developer/Platforms/MacOSX.platform/Developer/SDKs/MacOSX10.14.sdk/System/Library/Frameworks/]
  remove lib [System]
  remove lib [System]
  collapse library dir [/usr/local/Cellar/gcc/8.1.0/lib/gcc/8/gcc/x86_64-apple-darwin17.5.0/8.1.0] ==> [/usr/local/Cellar/gcc/8.1.0/lib/gcc/8/gcc/x86_64-apple-darwin17.5.0/8.1.0]
  collapse library dir [/usr/local/Cellar/gcc/8.1.0/lib/gcc/8/gcc/x86_64-apple-darwin17.5.0/8.1.0/../../..] ==> [/usr/local/Cellar/gcc/8.1.0/lib/gcc/8]
  collapse library dir [/usr/local/Cellar/gcc/8.1.0/lib/gcc/8/gcc/x86_64-apple-darwin17.5.0/8.1.0] ==> [/usr/local/Cellar/gcc/8.1.0/lib/gcc/8/gcc/x86_64-apple-darwin17.5.0/8.1.0]
  collapse library dir [/usr/local/Cellar/gcc/8.1.0/lib/gcc/8] ==> [/usr/local/Cellar/gcc/8.1.0/lib/gcc/8]
  collapse library dir [/Applications/Xcode.app/Contents/Developer/Platforms/MacOSX.platform/Developer/SDKs/MacOSX10.14.sdk/usr/lib] ==> [/Applications/Xcode.app/Contents/Developer/Platforms/MacOSX.platform/Developer/SDKs/MacOSX10.14.sdk/usr/lib]
  collapse framework dir [/Applications/Xcode.app/Contents/Developer/Platforms/MacOSX.platform/Developer/SDKs/MacOSX10.14.sdk/System/Library/Frameworks/] ==> [/Applications/Xcode.app/Contents/Developer/Platforms/MacOSX.platform/Developer/SDKs/MacOSX10.14.sdk/System/Library/Frameworks]
  implicit libs: [stdc++;gcc_ext.10.5;gcc]
  implicit dirs: [/usr/local/Cellar/gcc/8.1.0/lib/gcc/8/gcc/x86_64-apple-darwin17.5.0/8.1.0;/usr/local/Cellar/gcc/8.1.0/lib/gcc/8;/Applications/Xcode.app/Contents/Developer/Platforms/MacOSX.platform/Developer/SDKs/MacOSX10.14.sdk/usr/lib]
  implicit fwks: [/Applications/Xcode.app/Contents/Developer/Platforms/MacOSX.platform/Developer/SDKs/MacOSX10.14.sdk/System/Library/Frameworks]




Detecting CXX [-std=c++2a] compiler features compiled with the following output:
Change Dir: /Users/richardmac/OneDrive - bwedu/00_ONEDRIVE UNI/M und S Nestler/modsim_ub4/build/CMakeFiles/CMakeTmp

Run Build Command:"/usr/local/bin/ninja" "cmTC_d2a39"
[1/2] Building CXX object CMakeFiles/cmTC_d2a39.dir/feature_tests.cxx.o
[2/2] Linking CXX executable cmTC_d2a39


    Feature record: CXX_FEATURE:1cxx_aggregate_default_initializers
    Feature record: CXX_FEATURE:1cxx_alias_templates
    Feature record: CXX_FEATURE:1cxx_alignas
    Feature record: CXX_FEATURE:1cxx_alignof
    Feature record: CXX_FEATURE:1cxx_attributes
    Feature record: CXX_FEATURE:1cxx_attribute_deprecated
    Feature record: CXX_FEATURE:1cxx_auto_type
    Feature record: CXX_FEATURE:1cxx_binary_literals
    Feature record: CXX_FEATURE:1cxx_constexpr
    Feature record: CXX_FEATURE:1cxx_contextual_conversions
    Feature record: CXX_FEATURE:1cxx_decltype
    Feature record: CXX_FEATURE:1cxx_decltype_auto
    Feature record: CXX_FEATURE:1cxx_decltype_incomplete_return_types
    Feature record: CXX_FEATURE:1cxx_default_function_template_args
    Feature record: CXX_FEATURE:1cxx_defaulted_functions
    Feature record: CXX_FEATURE:1cxx_defaulted_move_initializers
    Feature record: CXX_FEATURE:1cxx_delegating_constructors
    Feature record: CXX_FEATURE:1cxx_deleted_functions
    Feature record: CXX_FEATURE:1cxx_digit_separators
    Feature record: CXX_FEATURE:1cxx_enum_forward_declarations
    Feature record: CXX_FEATURE:1cxx_explicit_conversions
    Feature record: CXX_FEATURE:1cxx_extended_friend_declarations
    Feature record: CXX_FEATURE:1cxx_extern_templates
    Feature record: CXX_FEATURE:1cxx_final
    Feature record: CXX_FEATURE:1cxx_func_identifier
    Feature record: CXX_FEATURE:1cxx_generalized_initializers
    Feature record: CXX_FEATURE:1cxx_generic_lambdas
    Feature record: CXX_FEATURE:1cxx_inheriting_constructors
    Feature record: CXX_FEATURE:1cxx_inline_namespaces
    Feature record: CXX_FEATURE:1cxx_lambdas
    Feature record: CXX_FEATURE:1cxx_lambda_init_captures
    Feature record: CXX_FEATURE:1cxx_local_type_template_args
    Feature record: CXX_FEATURE:1cxx_long_long_type
    Feature record: CXX_FEATURE:1cxx_noexcept
    Feature record: CXX_FEATURE:1cxx_nonstatic_member_init
    Feature record: CXX_FEATURE:1cxx_nullptr
    Feature record: CXX_FEATURE:1cxx_override
    Feature record: CXX_FEATURE:1cxx_range_for
    Feature record: CXX_FEATURE:1cxx_raw_string_literals
    Feature record: CXX_FEATURE:1cxx_reference_qualified_functions
    Feature record: CXX_FEATURE:1cxx_relaxed_constexpr
    Feature record: CXX_FEATURE:1cxx_return_type_deduction
    Feature record: CXX_FEATURE:1cxx_right_angle_brackets
    Feature record: CXX_FEATURE:1cxx_rvalue_references
    Feature record: CXX_FEATURE:1cxx_sizeof_member
    Feature record: CXX_FEATURE:1cxx_static_assert
    Feature record: CXX_FEATURE:1cxx_strong_enums
    Feature record: CXX_FEATURE:1cxx_template_template_parameters
    Feature record: CXX_FEATURE:1cxx_thread_local
    Feature record: CXX_FEATURE:1cxx_trailing_return_types
    Feature record: CXX_FEATURE:1cxx_unicode_literals
    Feature record: CXX_FEATURE:1cxx_uniform_initialization
    Feature record: CXX_FEATURE:1cxx_unrestricted_unions
    Feature record: CXX_FEATURE:1cxx_user_literals
    Feature record: CXX_FEATURE:1cxx_variable_templates
    Feature record: CXX_FEATURE:1cxx_variadic_macros
    Feature record: CXX_FEATURE:1cxx_variadic_templates


Detecting CXX [-std=c++17] compiler features compiled with the following output:
Change Dir: /Users/richardmac/OneDrive - bwedu/00_ONEDRIVE UNI/M und S Nestler/modsim_ub4/build/CMakeFiles/CMakeTmp

Run Build Command:"/usr/local/bin/ninja" "cmTC_ac946"
[1/2] Building CXX object CMakeFiles/cmTC_ac946.dir/feature_tests.cxx.o
[2/2] Linking CXX executable cmTC_ac946


    Feature record: CXX_FEATURE:1cxx_aggregate_default_initializers
    Feature record: CXX_FEATURE:1cxx_alias_templates
    Feature record: CXX_FEATURE:1cxx_alignas
    Feature record: CXX_FEATURE:1cxx_alignof
    Feature record: CXX_FEATURE:1cxx_attributes
    Feature record: CXX_FEATURE:1cxx_attribute_deprecated
    Feature record: CXX_FEATURE:1cxx_auto_type
    Feature record: CXX_FEATURE:1cxx_binary_literals
    Feature record: CXX_FEATURE:1cxx_constexpr
    Feature record: CXX_FEATURE:1cxx_contextual_conversions
    Feature record: CXX_FEATURE:1cxx_decltype
    Feature record: CXX_FEATURE:1cxx_decltype_auto
    Feature record: CXX_FEATURE:1cxx_decltype_incomplete_return_types
    Feature record: CXX_FEATURE:1cxx_default_function_template_args
    Feature record: CXX_FEATURE:1cxx_defaulted_functions
    Feature record: CXX_FEATURE:1cxx_defaulted_move_initializers
    Feature record: CXX_FEATURE:1cxx_delegating_constructors
    Feature record: CXX_FEATURE:1cxx_deleted_functions
    Feature record: CXX_FEATURE:1cxx_digit_separators
    Feature record: CXX_FEATURE:1cxx_enum_forward_declarations
    Feature record: CXX_FEATURE:1cxx_explicit_conversions
    Feature record: CXX_FEATURE:1cxx_extended_friend_declarations
    Feature record: CXX_FEATURE:1cxx_extern_templates
    Feature record: CXX_FEATURE:1cxx_final
    Feature record: CXX_FEATURE:1cxx_func_identifier
    Feature record: CXX_FEATURE:1cxx_generalized_initializers
    Feature record: CXX_FEATURE:1cxx_generic_lambdas
    Feature record: CXX_FEATURE:1cxx_inheriting_constructors
    Feature record: CXX_FEATURE:1cxx_inline_namespaces
    Feature record: CXX_FEATURE:1cxx_lambdas
    Feature record: CXX_FEATURE:1cxx_lambda_init_captures
    Feature record: CXX_FEATURE:1cxx_local_type_template_args
    Feature record: CXX_FEATURE:1cxx_long_long_type
    Feature record: CXX_FEATURE:1cxx_noexcept
    Feature record: CXX_FEATURE:1cxx_nonstatic_member_init
    Feature record: CXX_FEATURE:1cxx_nullptr
    Feature record: CXX_FEATURE:1cxx_override
    Feature record: CXX_FEATURE:1cxx_range_for
    Feature record: CXX_FEATURE:1cxx_raw_string_literals
    Feature record: CXX_FEATURE:1cxx_reference_qualified_functions
    Feature record: CXX_FEATURE:1cxx_relaxed_constexpr
    Feature record: CXX_FEATURE:1cxx_return_type_deduction
    Feature record: CXX_FEATURE:1cxx_right_angle_brackets
    Feature record: CXX_FEATURE:1cxx_rvalue_references
    Feature record: CXX_FEATURE:1cxx_sizeof_member
    Feature record: CXX_FEATURE:1cxx_static_assert
    Feature record: CXX_FEATURE:1cxx_strong_enums
    Feature record: CXX_FEATURE:1cxx_template_template_parameters
    Feature record: CXX_FEATURE:1cxx_thread_local
    Feature record: CXX_FEATURE:1cxx_trailing_return_types
    Feature record: CXX_FEATURE:1cxx_unicode_literals
    Feature record: CXX_FEATURE:1cxx_uniform_initialization
    Feature record: CXX_FEATURE:1cxx_unrestricted_unions
    Feature record: CXX_FEATURE:1cxx_user_literals
    Feature record: CXX_FEATURE:1cxx_variable_templates
    Feature record: CXX_FEATURE:1cxx_variadic_macros
    Feature record: CXX_FEATURE:1cxx_variadic_templates


Detecting CXX [-std=c++14] compiler features compiled with the following output:
Change Dir: /Users/richardmac/OneDrive - bwedu/00_ONEDRIVE UNI/M und S Nestler/modsim_ub4/build/CMakeFiles/CMakeTmp

Run Build Command:"/usr/local/bin/ninja" "cmTC_c74b6"
[1/2] Building CXX object CMakeFiles/cmTC_c74b6.dir/feature_tests.cxx.o
[2/2] Linking CXX executable cmTC_c74b6


    Feature record: CXX_FEATURE:1cxx_aggregate_default_initializers
    Feature record: CXX_FEATURE:1cxx_alias_templates
    Feature record: CXX_FEATURE:1cxx_alignas
    Feature record: CXX_FEATURE:1cxx_alignof
    Feature record: CXX_FEATURE:1cxx_attributes
    Feature record: CXX_FEATURE:1cxx_attribute_deprecated
    Feature record: CXX_FEATURE:1cxx_auto_type
    Feature record: CXX_FEATURE:1cxx_binary_literals
    Feature record: CXX_FEATURE:1cxx_constexpr
    Feature record: CXX_FEATURE:1cxx_contextual_conversions
    Feature record: CXX_FEATURE:1cxx_decltype
    Feature record: CXX_FEATURE:1cxx_decltype_auto
    Feature record: CXX_FEATURE:1cxx_decltype_incomplete_return_types
    Feature record: CXX_FEATURE:1cxx_default_function_template_args
    Feature record: CXX_FEATURE:1cxx_defaulted_functions
    Feature record: CXX_FEATURE:1cxx_defaulted_move_initializers
    Feature record: CXX_FEATURE:1cxx_delegating_constructors
    Feature record: CXX_FEATURE:1cxx_deleted_functions
    Feature record: CXX_FEATURE:1cxx_digit_separators
    Feature record: CXX_FEATURE:1cxx_enum_forward_declarations
    Feature record: CXX_FEATURE:1cxx_explicit_conversions
    Feature record: CXX_FEATURE:1cxx_extended_friend_declarations
    Feature record: CXX_FEATURE:1cxx_extern_templates
    Feature record: CXX_FEATURE:1cxx_final
    Feature record: CXX_FEATURE:1cxx_func_identifier
    Feature record: CXX_FEATURE:1cxx_generalized_initializers
    Feature record: CXX_FEATURE:1cxx_generic_lambdas
    Feature record: CXX_FEATURE:1cxx_inheriting_constructors
    Feature record: CXX_FEATURE:1cxx_inline_namespaces
    Feature record: CXX_FEATURE:1cxx_lambdas
    Feature record: CXX_FEATURE:1cxx_lambda_init_captures
    Feature record: CXX_FEATURE:1cxx_local_type_template_args
    Feature record: CXX_FEATURE:1cxx_long_long_type
    Feature record: CXX_FEATURE:1cxx_noexcept
    Feature record: CXX_FEATURE:1cxx_nonstatic_member_init
    Feature record: CXX_FEATURE:1cxx_nullptr
    Feature record: CXX_FEATURE:1cxx_override
    Feature record: CXX_FEATURE:1cxx_range_for
    Feature record: CXX_FEATURE:1cxx_raw_string_literals
    Feature record: CXX_FEATURE:1cxx_reference_qualified_functions
    Feature record: CXX_FEATURE:1cxx_relaxed_constexpr
    Feature record: CXX_FEATURE:1cxx_return_type_deduction
    Feature record: CXX_FEATURE:1cxx_right_angle_brackets
    Feature record: CXX_FEATURE:1cxx_rvalue_references
    Feature record: CXX_FEATURE:1cxx_sizeof_member
    Feature record: CXX_FEATURE:1cxx_static_assert
    Feature record: CXX_FEATURE:1cxx_strong_enums
    Feature record: CXX_FEATURE:1cxx_template_template_parameters
    Feature record: CXX_FEATURE:1cxx_thread_local
    Feature record: CXX_FEATURE:1cxx_trailing_return_types
    Feature record: CXX_FEATURE:1cxx_unicode_literals
    Feature record: CXX_FEATURE:1cxx_uniform_initialization
    Feature record: CXX_FEATURE:1cxx_unrestricted_unions
    Feature record: CXX_FEATURE:1cxx_user_literals
    Feature record: CXX_FEATURE:1cxx_variable_templates
    Feature record: CXX_FEATURE:1cxx_variadic_macros
    Feature record: CXX_FEATURE:1cxx_variadic_templates


Detecting CXX [-std=c++11] compiler features compiled with the following output:
Change Dir: /Users/richardmac/OneDrive - bwedu/00_ONEDRIVE UNI/M und S Nestler/modsim_ub4/build/CMakeFiles/CMakeTmp

Run Build Command:"/usr/local/bin/ninja" "cmTC_4daae"
[1/2] Building CXX object CMakeFiles/cmTC_4daae.dir/feature_tests.cxx.o
[2/2] Linking CXX executable cmTC_4daae


    Feature record: CXX_FEATURE:0cxx_aggregate_default_initializers
    Feature record: CXX_FEATURE:1cxx_alias_templates
    Feature record: CXX_FEATURE:1cxx_alignas
    Feature record: CXX_FEATURE:1cxx_alignof
    Feature record: CXX_FEATURE:1cxx_attributes
    Feature record: CXX_FEATURE:0cxx_attribute_deprecated
    Feature record: CXX_FEATURE:1cxx_auto_type
    Feature record: CXX_FEATURE:0cxx_binary_literals
    Feature record: CXX_FEATURE:1cxx_constexpr
    Feature record: CXX_FEATURE:0cxx_contextual_conversions
    Feature record: CXX_FEATURE:1cxx_decltype
    Feature record: CXX_FEATURE:0cxx_decltype_auto
    Feature record: CXX_FEATURE:1cxx_decltype_incomplete_return_types
    Feature record: CXX_FEATURE:1cxx_default_function_template_args
    Feature record: CXX_FEATURE:1cxx_defaulted_functions
    Feature record: CXX_FEATURE:1cxx_defaulted_move_initializers
    Feature record: CXX_FEATURE:1cxx_delegating_constructors
    Feature record: CXX_FEATURE:1cxx_deleted_functions
    Feature record: CXX_FEATURE:0cxx_digit_separators
    Feature record: CXX_FEATURE:1cxx_enum_forward_declarations
    Feature record: CXX_FEATURE:1cxx_explicit_conversions
    Feature record: CXX_FEATURE:1cxx_extended_friend_declarations
    Feature record: CXX_FEATURE:1cxx_extern_templates
    Feature record: CXX_FEATURE:1cxx_final
    Feature record: CXX_FEATURE:1cxx_func_identifier
    Feature record: CXX_FEATURE:1cxx_generalized_initializers
    Feature record: CXX_FEATURE:0cxx_generic_lambdas
    Feature record: CXX_FEATURE:1cxx_inheriting_constructors
    Feature record: CXX_FEATURE:1cxx_inline_namespaces
    Feature record: CXX_FEATURE:1cxx_lambdas
    Feature record: CXX_FEATURE:0cxx_lambda_init_captures
    Feature record: CXX_FEATURE:1cxx_local_type_template_args
    Feature record: CXX_FEATURE:1cxx_long_long_type
    Feature record: CXX_FEATURE:1cxx_noexcept
    Feature record: CXX_FEATURE:1cxx_nonstatic_member_init
    Feature record: CXX_FEATURE:1cxx_nullptr
    Feature record: CXX_FEATURE:1cxx_override
    Feature record: CXX_FEATURE:1cxx_range_for
    Feature record: CXX_FEATURE:1cxx_raw_string_literals
    Feature record: CXX_FEATURE:1cxx_reference_qualified_functions
    Feature record: CXX_FEATURE:0cxx_relaxed_constexpr
    Feature record: CXX_FEATURE:0cxx_return_type_deduction
    Feature record: CXX_FEATURE:1cxx_right_angle_brackets
    Feature record: CXX_FEATURE:1cxx_rvalue_references
    Feature record: CXX_FEATURE:1cxx_sizeof_member
    Feature record: CXX_FEATURE:1cxx_static_assert
    Feature record: CXX_FEATURE:1cxx_strong_enums
    Feature record: CXX_FEATURE:1cxx_template_template_parameters
    Feature record: CXX_FEATURE:1cxx_thread_local
    Feature record: CXX_FEATURE:1cxx_trailing_return_types
    Feature record: CXX_FEATURE:1cxx_unicode_literals
    Feature record: CXX_FEATURE:1cxx_uniform_initialization
    Feature record: CXX_FEATURE:1cxx_unrestricted_unions
    Feature record: CXX_FEATURE:1cxx_user_literals
    Feature record: CXX_FEATURE:0cxx_variable_templates
    Feature record: CXX_FEATURE:1cxx_variadic_macros
    Feature record: CXX_FEATURE:1cxx_variadic_templates


Detecting CXX [-std=c++98] compiler features compiled with the following output:
Change Dir: /Users/richardmac/OneDrive - bwedu/00_ONEDRIVE UNI/M und S Nestler/modsim_ub4/build/CMakeFiles/CMakeTmp

Run Build Command:"/usr/local/bin/ninja" "cmTC_a551b"
[1/2] Building CXX object CMakeFiles/cmTC_a551b.dir/feature_tests.cxx.o
[2/2] Linking CXX executable cmTC_a551b


    Feature record: CXX_FEATURE:0cxx_aggregate_default_initializers
    Feature record: CXX_FEATURE:0cxx_alias_templates
    Feature record: CXX_FEATURE:0cxx_alignas
    Feature record: CXX_FEATURE:0cxx_alignof
    Feature record: CXX_FEATURE:0cxx_attributes
    Feature record: CXX_FEATURE:0cxx_attribute_deprecated
    Feature record: CXX_FEATURE:0cxx_auto_type
    Feature record: CXX_FEATURE:0cxx_binary_literals
    Feature record: CXX_FEATURE:0cxx_constexpr
    Feature record: CXX_FEATURE:0cxx_contextual_conversions
    Feature record: CXX_FEATURE:0cxx_decltype
    Feature record: CXX_FEATURE:0cxx_decltype_auto
    Feature record: CXX_FEATURE:0cxx_decltype_incomplete_return_types
    Feature record: CXX_FEATURE:0cxx_default_function_template_args
    Feature record: CXX_FEATURE:0cxx_defaulted_functions
    Feature record: CXX_FEATURE:0cxx_defaulted_move_initializers
    Feature record: CXX_FEATURE:0cxx_delegating_constructors
    Feature record: CXX_FEATURE:0cxx_deleted_functions
    Feature record: CXX_FEATURE:0cxx_digit_separators
    Feature record: CXX_FEATURE:0cxx_enum_forward_declarations
    Feature record: CXX_FEATURE:0cxx_explicit_conversions
    Feature record: CXX_FEATURE:0cxx_extended_friend_declarations
    Feature record: CXX_FEATURE:0cxx_extern_templates
    Feature record: CXX_FEATURE:0cxx_final
    Feature record: CXX_FEATURE:0cxx_func_identifier
    Feature record: CXX_FEATURE:0cxx_generalized_initializers
    Feature record: CXX_FEATURE:0cxx_generic_lambdas
    Feature record: CXX_FEATURE:0cxx_inheriting_constructors
    Feature record: CXX_FEATURE:0cxx_inline_namespaces
    Feature record: CXX_FEATURE:0cxx_lambdas
    Feature record: CXX_FEATURE:0cxx_lambda_init_captures
    Feature record: CXX_FEATURE:0cxx_local_type_template_args
    Feature record: CXX_FEATURE:0cxx_long_long_type
    Feature record: CXX_FEATURE:0cxx_noexcept
    Feature record: CXX_FEATURE:0cxx_nonstatic_member_init
    Feature record: CXX_FEATURE:0cxx_nullptr
    Feature record: CXX_FEATURE:0cxx_override
    Feature record: CXX_FEATURE:0cxx_range_for
    Feature record: CXX_FEATURE:0cxx_raw_string_literals
    Feature record: CXX_FEATURE:0cxx_reference_qualified_functions
    Feature record: CXX_FEATURE:0cxx_relaxed_constexpr
    Feature record: CXX_FEATURE:0cxx_return_type_deduction
    Feature record: CXX_FEATURE:0cxx_right_angle_brackets
    Feature record: CXX_FEATURE:0cxx_rvalue_references
    Feature record: CXX_FEATURE:0cxx_sizeof_member
    Feature record: CXX_FEATURE:0cxx_static_assert
    Feature record: CXX_FEATURE:0cxx_strong_enums
    Feature record: CXX_FEATURE:1cxx_template_template_parameters
    Feature record: CXX_FEATURE:0cxx_thread_local
    Feature record: CXX_FEATURE:0cxx_trailing_return_types
    Feature record: CXX_FEATURE:0cxx_unicode_literals
    Feature record: CXX_FEATURE:0cxx_uniform_initialization
    Feature record: CXX_FEATURE:0cxx_unrestricted_unions
    Feature record: CXX_FEATURE:0cxx_user_literals
    Feature record: CXX_FEATURE:0cxx_variable_templates
    Feature record: CXX_FEATURE:0cxx_variadic_macros
    Feature record: CXX_FEATURE:0cxx_variadic_templates
